{"time":"2022-03-15T02:02:17.079Z","hostname":"Laafe-Dk","pid":1630871,"level":"debug","name":"rabbot.io","message":"Attempting acquisition of connection 'default'"}
{"time":"2022-03-15T02:02:17.080Z","hostname":"Laafe-Dk","pid":1630871,"level":"info","name":"rabbot.connection","message":"Attempting connection to 'default' (amqp://guest:guest@localhost:5672/coinsenda?heartbeat=30)"}
{"time":"2022-03-15T02:02:17.161Z","hostname":"Laafe-Dk","pid":1630871,"level":"info","name":"rabbot.connection","message":"Connected to 'default' (amqp://guest:guest@localhost:5672/coinsenda?heartbeat=30)"}
{"time":"2022-03-15T02:02:17.161Z","hostname":"Laafe-Dk","pid":1630871,"level":"debug","name":"rabbot.io","message":"Acquired connection 'default' successfully"}
{"time":"2022-03-15T02:02:17.162Z","hostname":"Laafe-Dk","pid":1630871,"level":"debug","name":"rabbot.io","message":"Attempting acquisition of channel ''"}
{"time":"2022-03-15T02:02:17.163Z","hostname":"Laafe-Dk","pid":1630871,"level":"debug","name":"rabbot.io","message":"Attempting acquisition of channel 'queue:Laafe-Dk.node.1630871.response.queue'"}
{"time":"2022-03-15T02:02:17.164Z","hostname":"Laafe-Dk","pid":1630871,"level":"debug","name":"rabbot.io","message":"Attempting acquisition of channel 'coinsenda_exchange'"}
{"time":"2022-03-15T02:02:17.167Z","hostname":"Laafe-Dk","pid":1630871,"level":"debug","name":"rabbot.io","message":"Acquired channel 'queue:Laafe-Dk.node.1630871.response.queue' successfully"}
{"time":"2022-03-15T02:02:17.167Z","hostname":"Laafe-Dk","pid":1630871,"level":"info","name":"rabbot.topology","message":"Declaring queue 'Laafe-Dk.node.1630871.response.queue' on connection 'default' with the options: {\"name\":\"Laafe-Dk.node.1630871.response.queue\",\"autoDelete\":true,\"subscribe\":true,\"uniqueName\":\"Laafe-Dk.node.1630871.response.queue\"}"}
{"time":"2022-03-15T02:02:17.168Z","hostname":"Laafe-Dk","pid":1630871,"level":"debug","name":"rabbot.io","message":"Acquired channel '' successfully"}
{"time":"2022-03-15T02:02:17.169Z","hostname":"Laafe-Dk","pid":1630871,"level":"info","name":"rabbot.topology","message":"Declaring undefined exchange '' on connection 'default' with the options: {\"name\":\"\",\"passive\":true}"}
{"time":"2022-03-15T02:02:17.169Z","hostname":"Laafe-Dk","pid":1630871,"level":"debug","name":"rabbot.io","message":"Acquired channel 'coinsenda_exchange' successfully"}
{"time":"2022-03-15T02:02:17.169Z","hostname":"Laafe-Dk","pid":1630871,"level":"info","name":"rabbot.topology","message":"Declaring topic exchange 'coinsenda_exchange' on connection 'default' with the options: {\"name\":\"coinsenda_exchange\",\"type\":\"topic\"}"}
{"time":"2022-03-15T02:02:17.171Z","hostname":"Laafe-Dk","pid":1630871,"level":"debug","name":"rabbot.io","message":"Attempting acquisition of channel 'queue:billing-country-queue'"}
{"time":"2022-03-15T02:02:17.172Z","hostname":"Laafe-Dk","pid":1630871,"level":"debug","name":"rabbot.io","message":"Acquired channel 'queue:billing-country-queue' successfully"}
{"time":"2022-03-15T02:02:17.172Z","hostname":"Laafe-Dk","pid":1630871,"level":"info","name":"rabbot.topology","message":"Declaring queue 'billing-country-queue' on connection 'default' with the options: {\"name\":\"billing-country-queue\",\"limit\":50,\"uniqueName\":\"billing-country-queue\"}"}
{"time":"2022-03-15T02:02:17.178Z","hostname":"Laafe-Dk","pid":1630871,"level":"info","name":"rabbot.queue","message":"Starting subscription to queue 'Laafe-Dk.node.1630871.response.queue' on 'default'"}
{"time":"2022-03-15T02:02:17.179Z","hostname":"Laafe-Dk","pid":1630871,"level":"info","name":"rabbot.queue","message":"Subscription to (tracked) queue Laafe-Dk.node.1630871.response.queue - default started with consumer tag Laafe-Dk.node.1630871.response.queue"}
{"time":"2022-03-15T02:02:17.233Z","hostname":"Laafe-Dk","pid":1630871,"level":"info","name":"rabbot.queue","message":"Starting subscription to queue 'billing-country-queue' on 'default'"}
{"time":"2022-03-15T02:02:17.235Z","hostname":"Laafe-Dk","pid":1630871,"level":"info","name":"rabbot.queue","message":"Subscription to (tracked) queue billing-country-queue - default started with consumer tag Laafe-Dk.node.1630871.billing-country-queue"}
{"time":"2022-03-18T02:05:50.379Z","hostname":"Laafe-Dk","pid":1630871,"level":"info","name":"rabbot.connection","message":"Close initiated on connection 'default'"}
